# JRE version: OpenJDK Runtime Environment (11.0.4+11) (build 11.0.4+11)
# Java VM: OpenJDK 64-Bit Server VM (11.0.4+11, mixed mode, tiered, compressed oops, g1 gc, windows-amd64)
Heap:
 garbage-first heap   total 61440K, used 46674K [0x0000000081e00000, 0x0000000100000000)
  region size 1024K, 22 young (22528K), 1 survivors (1024K)
 Metaspace       used 52940K, capacity 55426K, committed 55580K, reserved 1097728K
  class space    used 6723K, capacity 7721K, committed 7832K, reserved 1048576K
GC Heap History (10 events):
Event: 11409.266 GC heap after
{Heap after GC invocations=74 (full 9):
 garbage-first heap   total 61440K, used 28158K [0x0000000081e00000, 0x0000000100000000)
  region size 1024K, 1 young (1024K), 1 survivors (1024K)
 Metaspace       used 52844K, capacity 55308K, committed 55452K, reserved 1097728K
  class space    used 6713K, capacity 7683K, committed 7704K, reserved 1048576K
}
Event: 11410.601 GC heap before
{Heap before GC invocations=74 (full 9):
 garbage-first heap   total 61440K, used 47614K [0x0000000081e00000, 0x0000000100000000)
  region size 1024K, 20 young (20480K), 1 survivors (1024K)
 Metaspace       used 52933K, capacity 55422K, committed 55580K, reserved 1097728K
  class space    used 6720K, capacity 7718K, committed 7832K, reserved 1048576K
}
Event: 11410.607 GC heap after
{Heap after GC invocations=75 (full 9):
 garbage-first heap   total 61440K, used 29420K [0x0000000081e00000, 0x0000000100000000)
  region size 1024K, 2 young (2048K), 2 survivors (2048K)
 Metaspace       used 52933K, capacity 55422K, committed 55580K, reserved 1097728K
  class space    used 6720K, capacity 7718K, committed 7832K, reserved 1048576K
}
Event: 11499.314 GC heap before
{Heap before GC invocations=76 (full 9):
 garbage-first heap   total 61440K, used 47852K [0x0000000081e00000, 0x0000000100000000)
  region size 1024K, 20 young (20480K), 2 survivors (2048K)
 Metaspace       used 52931K, capacity 55416K, committed 55580K, reserved 1097728K
  class space    used 6719K, capacity 7716K, committed 7832K, reserved 1048576K
}
Event: 11499.317 GC heap after
{Heap after GC invocations=77 (full 9):
 garbage-first heap   total 61440K, used 29519K [0x0000000081e00000, 0x0000000100000000)
  region size 1024K, 1 young (1024K), 1 survivors (1024K)
 Metaspace       used 52931K, capacity 55416K, committed 55580K, reserved 1097728K
  class space    used 6719K, capacity 7716K, committed 7832K, reserved 1048576K
}
Event: 11508.755 GC heap before
{Heap before GC invocations=77 (full 9):
 garbage-first heap   total 61440K, used 31567K [0x0000000081e00000, 0x0000000100000000)
  region size 1024K, 3 young (3072K), 1 survivors (1024K)
 Metaspace       used 52931K, capacity 55416K, committed 55580K, reserved 1097728K
  class space    used 6719K, capacity 7716K, committed 7832K, reserved 1048576K
}
Event: 11508.758 GC heap after
{Heap after GC invocations=78 (full 9):
 garbage-first heap   total 61440K, used 28646K [0x0000000081e00000, 0x0000000100000000)
  region size 1024K, 1 young (1024K), 1 survivors (1024K)
 Metaspace       used 52931K, capacity 55416K, committed 55580K, reserved 1097728K
  class space    used 6719K, capacity 7716K, committed 7832K, reserved 1048576K
}
Event: 11519.303 GC heap before
{Heap before GC invocations=78 (full 9):
 garbage-first heap   total 61440K, used 31718K [0x0000000081e00000, 0x0000000100000000)
  region size 1024K, 5 young (5120K), 1 survivors (1024K)
 Metaspace       used 52933K, capacity 55422K, committed 55580K, reserved 1097728K
  class space    used 6720K, capacity 7718K, committed 7832K, reserved 1048576K
}
Event: 11519.370 GC heap after
{Heap after GC invocations=79 (full 10):
 garbage-first heap   total 61440K, used 25170K [0x0000000081e00000, 0x0000000100000000)
  region size 1024K, 0 young (0K), 0 survivors (0K)
 Metaspace       used 52922K, capacity 55404K, committed 55580K, reserved 1097728K
  class space    used 6718K, capacity 7715K, committed 7832K, reserved 1048576K
}
Event: 11519.687 GC heap before
{Heap before GC invocations=79 (full 10):
 garbage-first heap   total 61440K, used 46674K [0x0000000081e00000, 0x0000000100000000)
  region size 1024K, 21 young (21504K), 0 survivors (0K)
 Metaspace       used 52940K, capacity 55426K, committed 55580K, reserved 1097728K
  class space    used 6723K, capacity 7721K, committed 7832K, reserved 1048576K
}

